<?xml version="1.0" encoding="utf-8"?>
<shfbBuild product="Sandcastle Help File Builder" version="2014.11.22.0" projectFile="D:\Dairon\SIO\SIO2\PPE\C#\GSB\doc.shfbproj" started="15/12/2014 11:53:15">
<buildStep step="Initializing">
Finding tools...
The Sandcastle tools are located in &#39;C:\Program Files (x86)\EWSoftware\Sandcastle Help File Builder\&#39;
Searching for HTML Help 1 compiler...
Found HTML Help 1 compiler in &#39;C:\Program Files (x86)\HTML Help Workshop\&#39;
Locating components in the following folder(s):
   D:\Dairon\SIO\SIO2\PPE\C#\GSB
Using presentation style &#39;VS2013&#39; located in &#39;C:\Program Files (x86)\EWSoftware\Sandcastle Help File Builder\PresentationStyles\VS2013&#39;
Loading and initializing plug-ins...
Lightweight Website Style Version 2014.11.22.0
Copyright &#169; 2006-2014, Eric Woodruff, All Rights Reserved
Portions Copyright &#169; 2014, Sam Harwell, All Rights Reserved
</buildStep>
<buildStep step="ValidatingDocumentationSources">
Validating and copying documentation source information
Source: D:\Dairon\SIO\SIO2\PPE\C#\GSB\GSB\bin\Debug\GSB.exe
    Found assembly &#39;D:\Dairon\SIO\SIO2\PPE\C#\GSB\GSB\bin\Debug\GSB.exe&#39;
Source: D:\Dairon\SIO\SIO2\PPE\C#\GSB\GSB\bin\Debug\GSB.XML

Copying XML comments files
    D:\Dairon\SIO\SIO2\PPE\C#\GSB\GSB\bin\Debug\GSB.XML -&gt; D:\Dairon\SIO\SIO2\PPE\C#\GSB\Help\Working\GSB.XML
</buildStep>
<buildStep step="GenerateSharedContent">
Generating shared content files (en-US, Anglais (&#201;tats-Unis))...
<plugIn name="Lightweight Website Style" behavior="After" priority="1000">
</plugIn>    Last step completed in 00:00:00,0000
</buildStep>
<buildStep step="GenerateApiFilter">
Generating API filter for MRefBuilder...
    Last step completed in 00:00:00,0000
</buildStep>
<buildStep step="GenerateReflectionInfo">
Generating reflection information...
[C:\Windows\Microsoft.NET\Framework64\v4.0.30319\MSBuild.exe]
La g‚n‚ration a d‚marr‚ 15/12/2014 11:53:15.
Projet &quot;D:\Dairon\SIO\SIO2\PPE\C#\GSB\Help\Working\GenerateRefInfo.proj&quot; sur le noud 1 (cibles par d‚faut).
PrepareForBuild:
  Cr‚ation du r‚pertoire &quot;obj\Debug\&quot;.
GenerateRefInfo:
  MRefBuilder (v2014.11.22.0)
  Copyright &#184; 2006-2014, Microsoft Corporation, All Rights Reserved.
  Portions Copyright &#184; 2006-2014, Eric Woodruff, All Rights Reserved.
  Loaded 1 assemblies for reflection and 1 dependency assemblies.
  Wrote information on 1 namespaces, 6 types, and 39 members
  Copie du fichier de &quot;reflection.org&quot; vers &quot;reflection.all&quot;.
  XslTransform (v2014.11.22.0)
  Copyright &#184; 2006-2014, Microsoft Corporation, All Rights Reserved.
  Portions Copyright &#184; 2006-2014, Eric Woodruff, All Rights Reserved.
  Applying XSL transformation &#39;C:\Program Files (x86)\EWSoftware\Sandcastle Help File Builder\ProductionTransforms\MergeDuplicates.xsl&#39;.
G‚n‚ration du projet &quot;D:\Dairon\SIO\SIO2\PPE\C#\GSB\Help\Working\GenerateRefInfo.proj&quot; termin‚e (cibles par d‚faut).

La g‚n‚ration a r‚ussi.

Temps ‚coul‚ 00:00:02.66
    Last step completed in 00:00:03,1532
</buildStep>
<buildStep step="TransformReflectionInfo">
Transforming reflection output...
[C:\Windows\Microsoft.NET\Framework64\v4.0.30319\MSBuild.exe]
La g‚n‚ration a d‚marr‚ 15/12/2014 11:53:18.
Projet &quot;D:\Dairon\SIO\SIO2\PPE\C#\GSB\Help\Working\TransformManifest.proj&quot; sur le noud 1 (cibles par d‚faut).
TransformManifest:
  XslTransform (v2014.11.22.0)
  Copyright &#184; 2006-2014, Microsoft Corporation, All Rights Reserved.
  Portions Copyright &#184; 2006-2014, Eric Woodruff, All Rights Reserved.
  Applying XSL transformation &#39;C:\Program Files (x86)\EWSoftware\Sandcastle Help File Builder\\ProductionTransforms\ApplyVSDocModel.xsl&#39;.
  Copie du fichier de &quot;reflection.xml&quot; vers &quot;reflection.nofilenames&quot;.
  XslTransform (v2014.11.22.0)
  Copyright &#184; 2006-2014, Microsoft Corporation, All Rights Reserved.
  Portions Copyright &#184; 2006-2014, Eric Woodruff, All Rights Reserved.
  Applying XSL transformation &#39;C:\Program Files (x86)\EWSoftware\Sandcastle Help File Builder\ProductionTransforms\AddFilenames.xsl&#39;.
  XslTransform (v2014.11.22.0)
  Copyright &#184; 2006-2014, Microsoft Corporation, All Rights Reserved.
  Portions Copyright &#184; 2006-2014, Eric Woodruff, All Rights Reserved.
  Applying XSL transformation &#39;C:\Program Files (x86)\EWSoftware\Sandcastle Help File Builder\ProductionTransforms\ReflectionToManifest.xsl&#39;.
G‚n‚ration du projet &quot;D:\Dairon\SIO\SIO2\PPE\C#\GSB\Help\Working\TransformManifest.proj&quot; termin‚e (cibles par d‚faut).

La g‚n‚ration a r‚ussi.

Temps ‚coul‚ 00:00:02.07
    Last step completed in 00:00:02,4356
</buildStep>
<buildStep step="GenerateNamespaceSummaries">
Generating namespace summary information...
    Last step completed in 00:00:00,0312
</buildStep>
<buildStep step="CopyAdditionalContent">
Copying additional content files...
No additional content to copy
    Last step completed in 00:00:00,0000
</buildStep>
<buildStep step="MergeTablesOfContents">
Merging conceptual and additional tables of contents...
    Last step completed in 00:00:00,0000
</buildStep>
<buildStep step="GenerateIntermediateTableOfContents">
Generating intermediate table of contents file...
[C:\Windows\Microsoft.NET\Framework64\v4.0.30319\MSBuild.exe]
La g‚n‚ration a d‚marr‚ 15/12/2014 11:53:21.
Projet &quot;D:\Dairon\SIO\SIO2\PPE\C#\GSB\Help\Working\GenerateIntermediateTOC.proj&quot; sur le noud 1 (cibles par d‚faut).
GenerateIntermediateTOC:
  XslTransform (v2014.11.22.0)
  Copyright &#184; 2006-2014, Microsoft Corporation, All Rights Reserved.
  Portions Copyright &#184; 2006-2014, Eric Woodruff, All Rights Reserved.
  Applying XSL transformation &#39;C:\Program Files (x86)\EWSoftware\Sandcastle Help File Builder\\ProductionTransforms\CreateVSToc.xsl&#39;.
G‚n‚ration du projet &quot;D:\Dairon\SIO\SIO2\PPE\C#\GSB\Help\Working\GenerateIntermediateTOC.proj&quot; termin‚e (cibles par d‚faut).

La g‚n‚ration a r‚ussi.

Temps ‚coul‚ 00:00:00.85
Generating conceptual content intermediate TOC file...
    Last step completed in 00:00:01,1856
</buildStep>
<buildStep step="CreateBuildAssemblerConfigs">
Creating Sandcastle configuration files...
    sandcastle.config
    Last step completed in 00:00:00,0780
</buildStep>
<buildStep step="MergeCustomConfigs">
Merging custom build component configurations
D:\Dairon\SIO\SIO2\PPE\C#\GSB\Help\Working\sandcastle.config
    Last step completed in 00:00:00,0312
</buildStep>
<buildStep step="BuildReferenceTopics">
Building reference help topics...
[C:\Windows\Microsoft.NET\Framework64\v4.0.30319\MSBuild.exe]
La g‚n‚ration a d‚marr‚ 15/12/2014 11:53:22.
Projet &quot;D:\Dairon\SIO\SIO2\PPE\C#\GSB\Help\Working\BuildReferenceTopics.proj&quot; sur le noud 1 (cibles par d‚faut).
BuildReferenceTopics:
  BuildAssembler (v2014.11.22.0)
  Copyright &#184; 2006-2014, Microsoft Corporation, All Rights Reserved.
  Portions Copyright &#184; 2006-2014, Eric Woodruff, All Rights Reserved.
  Loading configuration...
  Processing topics...
BuildAssembler : warning : ShowMissingComponent: [N:GSB] Missing &lt;summary&gt; documentation [D:\Dairon\SIO\SIO2\PPE\C#\GSB\Help\Working\BuildReferenceTopics.proj]
BuildAssembler : warning : ShowMissingComponent: [M:GSB.bddGSB.enregitrerPhase(System.Int32,System.String,System.String,System.String)] Missing &lt;param name=&quot;tache&quot;/&gt; documentation [D:\Dairon\SIO\SIO2\PPE\C#\GSB\Help\Working\BuildReferenceTopics.proj]
BuildAssembler : warning : ShowMissingComponent: [M:GSB.bddGSB.getConnexion] Missing &lt;summary&gt; documentation [D:\Dairon\SIO\SIO2\PPE\C#\GSB\Help\Working\BuildReferenceTopics.proj]
BuildAssembler : warning : ShowMissingComponent: [M:GSB.bddGSB.getConnexion] Missing &lt;returns&gt; documentation [D:\Dairon\SIO\SIO2\PPE\C#\GSB\Help\Working\BuildReferenceTopics.proj]
BuildAssembler : warning : ResolveReferenceLinksComponent: [M:GSB.bddGSB.getConnexion] Unknown reference link target &#39;T:MySql.Data.MySqlClient.MySqlConnection&#39;. [D:\Dairon\SIO\SIO2\PPE\C#\GSB\Help\Working\BuildReferenceTopics.proj]
BuildAssembler : warning : ShowMissingComponent: [M:GSB.bddGSB.getDemandesP(System.String)] Missing &lt;returns&gt; documentation [D:\Dairon\SIO\SIO2\PPE\C#\GSB\Help\Working\BuildReferenceTopics.proj]
BuildAssembler : warning : ResolveReferenceLinksComponent: [M:GSB.bddGSB.getDemandesP(System.String)] Unknown reference link target &#39;T:MySql.Data.MySqlClient.MySqlDataReader&#39;. [D:\Dairon\SIO\SIO2\PPE\C#\GSB\Help\Working\BuildReferenceTopics.proj]
BuildAssembler : warning : ShowMissingComponent: [M:GSB.bddGSB.getDemandesT(System.String)] Missing &lt;returns&gt; documentation [D:\Dairon\SIO\SIO2\PPE\C#\GSB\Help\Working\BuildReferenceTopics.proj]
BuildAssembler : warning : ResolveReferenceLinksComponent: [M:GSB.bddGSB.getDemandesT(System.String)] Unknown reference link target &#39;T:MySql.Data.MySqlClient.MySqlDataReader&#39;. [D:\Dairon\SIO\SIO2\PPE\C#\GSB\Help\Working\BuildReferenceTopics.proj]
BuildAssembler : warning : ShowMissingComponent: [M:GSB.bddGSB.getMateriel(System.String)] Missing &lt;returns&gt; documentation [D:\Dairon\SIO\SIO2\PPE\C#\GSB\Help\Working\BuildReferenceTopics.proj]
BuildAssembler : warning : ResolveReferenceLinksComponent: [M:GSB.bddGSB.getMateriel(System.String)] Unknown reference link target &#39;T:MySql.Data.MySqlClient.MySqlDataReader&#39;. [D:\Dairon\SIO\SIO2\PPE\C#\GSB\Help\Working\BuildReferenceTopics.proj]
BuildAssembler : warning : ShowMissingComponent: [M:GSB.bddGSB.getPersonnel(System.String)] Missing &lt;returns&gt; documentation [D:\Dairon\SIO\SIO2\PPE\C#\GSB\Help\Working\BuildReferenceTopics.proj]
BuildAssembler : warning : ResolveReferenceLinksComponent: [M:GSB.bddGSB.getPersonnel(System.String)] Unknown reference link target &#39;T:MySql.Data.MySqlClient.MySqlDataReader&#39;. [D:\Dairon\SIO\SIO2\PPE\C#\GSB\Help\Working\BuildReferenceTopics.proj]
BuildAssembler : warning : ShowMissingComponent: [M:GSB.bddGSB.getTypePersonnel(System.String)] Missing &lt;returns&gt; documentation [D:\Dairon\SIO\SIO2\PPE\C#\GSB\Help\Working\BuildReferenceTopics.proj]
BuildAssembler : warning : ShowMissingComponent: [M:GSB.bddGSB.updateTypeDemande(System.String,System.Int32)] Missing &lt;param name=&quot;type&quot;/&gt; documentation [D:\Dairon\SIO\SIO2\PPE\C#\GSB\Help\Working\BuildReferenceTopics.proj]
BuildAssembler : warning : ShowMissingComponent: [M:GSB.Demande.#ctor(System.Int32,System.String,System.String,System.String,System.Int32,System.String,System.String,System.String)] Missing &lt;param name=&quot;idDemande&quot;/&gt; documentation [D:\Dairon\SIO\SIO2\PPE\C#\GSB\Help\Working\BuildReferenceTopics.proj]
BuildAssembler : warning : ShowMissingComponent: [M:GSB.Demande.#ctor(System.Int32,System.String,System.String,System.String,System.Int32,System.String,System.String,System.String)] Missing &lt;param name=&quot;etatDemande&quot;/&gt; documentation [D:\Dairon\SIO\SIO2\PPE\C#\GSB\Help\Working\BuildReferenceTopics.proj]
BuildAssembler : warning : ShowMissingComponent: [M:GSB.Demande.#ctor(System.Int32,System.String,System.String,System.String,System.Int32,System.String,System.String,System.String)] Missing &lt;param name=&quot;traitementDemande&quot;/&gt; documentation [D:\Dairon\SIO\SIO2\PPE\C#\GSB\Help\Working\BuildReferenceTopics.proj]
BuildAssembler : warning : ShowMissingComponent: [M:GSB.Demande.#ctor(System.Int32,System.String,System.String,System.String,System.Int32,System.String,System.String,System.String)] Missing &lt;param name=&quot;descriptionDemande&quot;/&gt; documentation [D:\Dairon\SIO\SIO2\PPE\C#\GSB\Help\Working\BuildReferenceTopics.proj]
BuildAssembler : warning : ShowMissingComponent: [M:GSB.Demande.#ctor(System.Int32,System.String,System.String,System.String,System.Int32,System.String,System.String,System.String)] Missing &lt;param name=&quot;niveauDemande&quot;/&gt; documentation [D:\Dairon\SIO\SIO2\PPE\C#\GSB\Help\Working\BuildReferenceTopics.proj]
BuildAssembler : warning : ShowMissingComponent: [M:GSB.Demande.#ctor(System.Int32,System.String,System.String,System.String,System.Int32,System.String,System.String,System.String)] Missing &lt;param name=&quot;persDemande&quot;/&gt; documentation [D:\Dairon\SIO\SIO2\PPE\C#\GSB\Help\Working\BuildReferenceTopics.proj]
BuildAssembler : warning : ShowMissingComponent: [M:GSB.Demande.#ctor(System.Int32,System.String,System.String,System.String,System.Int32,System.String,System.String,System.String)] Missing &lt;param name=&quot;matDemande&quot;/&gt; documentation [D:\Dairon\SIO\SIO2\PPE\C#\GSB\Help\Working\BuildReferenceTopics.proj]
BuildAssembler : warning : ShowMissingComponent: [M:GSB.Demande.#ctor(System.Int32,System.String,System.String,System.String,System.Int32,System.String,System.String,System.String)] Missing &lt;param name=&quot;techDemande&quot;/&gt; documentation [D:\Dairon\SIO\SIO2\PPE\C#\GSB\Help\Working\BuildReferenceTopics.proj]
BuildAssembler : warning : ShowMissingComponent: [M:GSB.Demande.getDescriptionDemande] Missing &lt;summary&gt; documentation [D:\Dairon\SIO\SIO2\PPE\C#\GSB\Help\Working\BuildReferenceTopics.proj]
BuildAssembler : warning : ShowMissingComponent: [M:GSB.Demande.getDescriptionDemande] Missing &lt;returns&gt; documentation [D:\Dairon\SIO\SIO2\PPE\C#\GSB\Help\Working\BuildReferenceTopics.proj]
BuildAssembler : warning : ShowMissingComponent: [M:GSB.Demande.getEtatDemande(System.Int32)] Missing &lt;returns&gt; documentation [D:\Dairon\SIO\SIO2\PPE\C#\GSB\Help\Working\BuildReferenceTopics.proj]
BuildAssembler : warning : ShowMissingComponent: [M:GSB.Demande.getIdDemande] Missing &lt;summary&gt; documentation [D:\Dairon\SIO\SIO2\PPE\C#\GSB\Help\Working\BuildReferenceTopics.proj]
BuildAssembler : warning : ShowMissingComponent: [M:GSB.Demande.getIdDemande] Missing &lt;returns&gt; documentation [D:\Dairon\SIO\SIO2\PPE\C#\GSB\Help\Working\BuildReferenceTopics.proj]
BuildAssembler : warning : ShowMissingComponent: [M:GSB.Demande.getMatDemande] Missing &lt;summary&gt; documentation [D:\Dairon\SIO\SIO2\PPE\C#\GSB\Help\Working\BuildReferenceTopics.proj]
BuildAssembler : warning : ShowMissingComponent: [M:GSB.Demande.getMatDemande] Missing &lt;returns&gt; documentation [D:\Dairon\SIO\SIO2\PPE\C#\GSB\Help\Working\BuildReferenceTopics.proj]
BuildAssembler : warning : ShowMissingComponent: [M:GSB.Demande.getNiveauDemande] Missing &lt;summary&gt; documentation [D:\Dairon\SIO\SIO2\PPE\C#\GSB\Help\Working\BuildReferenceTopics.proj]
BuildAssembler : warning : ShowMissingComponent: [M:GSB.Demande.getNiveauDemande] Missing &lt;returns&gt; documentation [D:\Dairon\SIO\SIO2\PPE\C#\GSB\Help\Working\BuildReferenceTopics.proj]
BuildAssembler : warning : ShowMissingComponent: [M:GSB.Demande.getpersDemande] Missing &lt;summary&gt; documentation [D:\Dairon\SIO\SIO2\PPE\C#\GSB\Help\Working\BuildReferenceTopics.proj]
BuildAssembler : warning : ShowMissingComponent: [M:GSB.Demande.getpersDemande] Missing &lt;returns&gt; documentation [D:\Dairon\SIO\SIO2\PPE\C#\GSB\Help\Working\BuildReferenceTopics.proj]
BuildAssembler : warning : ShowMissingComponent: [M:GSB.Demande.getTechDemande] Missing &lt;summary&gt; documentation [D:\Dairon\SIO\SIO2\PPE\C#\GSB\Help\Working\BuildReferenceTopics.proj]
BuildAssembler : warning : ShowMissingComponent: [M:GSB.Demande.getTechDemande] Missing &lt;returns&gt; documentation [D:\Dairon\SIO\SIO2\PPE\C#\GSB\Help\Working\BuildReferenceTopics.proj]
BuildAssembler : warning : ShowMissingComponent: [M:GSB.Demande.getTraitementDemande] Missing &lt;summary&gt; documentation [D:\Dairon\SIO\SIO2\PPE\C#\GSB\Help\Working\BuildReferenceTopics.proj]
BuildAssembler : warning : ShowMissingComponent: [M:GSB.Demande.getTraitementDemande] Missing &lt;returns&gt; documentation [D:\Dairon\SIO\SIO2\PPE\C#\GSB\Help\Working\BuildReferenceTopics.proj]
BuildAssembler : warning : ShowMissingComponent: [M:GSB.Demande.setEtatDemande(System.String)] Missing &lt;summary&gt; documentation [D:\Dairon\SIO\SIO2\PPE\C#\GSB\Help\Working\BuildReferenceTopics.proj]
BuildAssembler : warning : ShowMissingComponent: [M:GSB.Demande.setEtatDemande(System.String)] Missing &lt;param name=&quot;etatDemande&quot;/&gt; documentation [D:\Dairon\SIO\SIO2\PPE\C#\GSB\Help\Working\BuildReferenceTopics.proj]
BuildAssembler : warning : ShowMissingComponent: [M:GSB.Demande.setTraitementDemande(System.String)] Missing &lt;summary&gt; documentation [D:\Dairon\SIO\SIO2\PPE\C#\GSB\Help\Working\BuildReferenceTopics.proj]
BuildAssembler : warning : ShowMissingComponent: [M:GSB.Demande.setTraitementDemande(System.String)] Missing &lt;param name=&quot;traitementDemande&quot;/&gt; documentation [D:\Dairon\SIO\SIO2\PPE\C#\GSB\Help\Working\BuildReferenceTopics.proj]
BuildAssembler : warning : ShowMissingComponent: [M:GSB.Form1.fenPerso] Missing &lt;summary&gt; documentation [D:\Dairon\SIO\SIO2\PPE\C#\GSB\Help\Working\BuildReferenceTopics.proj]
BuildAssembler : warning : ShowMissingComponent: [M:GSB.Form1.fenTech] Missing &lt;summary&gt; documentation [D:\Dairon\SIO\SIO2\PPE\C#\GSB\Help\Working\BuildReferenceTopics.proj]
BuildAssembler : warning : ShowMissingComponent: [F:GSB.Form1.unPersonnel] Missing &lt;summary&gt; documentation [D:\Dairon\SIO\SIO2\PPE\C#\GSB\Help\Working\BuildReferenceTopics.proj]
BuildAssembler : warning : ShowMissingComponent: [M:GSB.Personnel.#ctor(System.String,System.Int32,System.String,System.String,System.String,System.String)] Missing &lt;param name=&quot;matricule&quot;/&gt; documentation [D:\Dairon\SIO\SIO2\PPE\C#\GSB\Help\Working\BuildReferenceTopics.proj]
BuildAssembler : warning : ShowMissingComponent: [M:GSB.Personnel.#ctor(System.String,System.Int32,System.String,System.String,System.String,System.String)] Missing &lt;param name=&quot;id&quot;/&gt; documentation [D:\Dairon\SIO\SIO2\PPE\C#\GSB\Help\Working\BuildReferenceTopics.proj]
BuildAssembler : warning : ShowMissingComponent: [M:GSB.Personnel.#ctor(System.String,System.Int32,System.String,System.String,System.String,System.String)] Missing &lt;param name=&quot;nom&quot;/&gt; documentation [D:\Dairon\SIO\SIO2\PPE\C#\GSB\Help\Working\BuildReferenceTopics.proj]
BuildAssembler : warning : ShowMissingComponent: [M:GSB.Personnel.#ctor(System.String,System.Int32,System.String,System.String,System.String,System.String)] Missing &lt;param name=&quot;prenom&quot;/&gt; documentation [D:\Dairon\SIO\SIO2\PPE\C#\GSB\Help\Working\BuildReferenceTopics.proj]
BuildAssembler : warning : ShowMissingComponent: [M:GSB.Personnel.#ctor(System.String,System.Int32,System.String,System.String,System.String,System.String)] Missing &lt;param name=&quot;ville&quot;/&gt; documentation [D:\Dairon\SIO\SIO2\PPE\C#\GSB\Help\Working\BuildReferenceTopics.proj]
BuildAssembler : warning : ShowMissingComponent: [M:GSB.Personnel.#ctor(System.String,System.Int32,System.String,System.String,System.String,System.String)] Missing &lt;param name=&quot;type&quot;/&gt; documentation [D:\Dairon\SIO\SIO2\PPE\C#\GSB\Help\Working\BuildReferenceTopics.proj]
BuildAssembler : warning : ShowMissingComponent: [M:GSB.Personnel.getId] Missing &lt;summary&gt; documentation [D:\Dairon\SIO\SIO2\PPE\C#\GSB\Help\Working\BuildReferenceTopics.proj]
BuildAssembler : warning : ShowMissingComponent: [M:GSB.Personnel.getId] Missing &lt;returns&gt; documentation [D:\Dairon\SIO\SIO2\PPE\C#\GSB\Help\Working\BuildReferenceTopics.proj]
BuildAssembler : warning : ShowMissingComponent: [M:GSB.Personnel.getMatricule] Missing &lt;summary&gt; documentation [D:\Dairon\SIO\SIO2\PPE\C#\GSB\Help\Working\BuildReferenceTopics.proj]
BuildAssembler : warning : ShowMissingComponent: [M:GSB.Personnel.getMatricule] Missing &lt;returns&gt; documentation [D:\Dairon\SIO\SIO2\PPE\C#\GSB\Help\Working\BuildReferenceTopics.proj]
BuildAssembler : warning : ShowMissingComponent: [M:GSB.Personnel.getNom] Missing &lt;summary&gt; documentation [D:\Dairon\SIO\SIO2\PPE\C#\GSB\Help\Working\BuildReferenceTopics.proj]
BuildAssembler : warning : ShowMissingComponent: [M:GSB.Personnel.getNom] Missing &lt;returns&gt; documentation [D:\Dairon\SIO\SIO2\PPE\C#\GSB\Help\Working\BuildReferenceTopics.proj]
BuildAssembler : warning : ShowMissingComponent: [M:GSB.Personnel.getPrenom] Missing &lt;summary&gt; documentation [D:\Dairon\SIO\SIO2\PPE\C#\GSB\Help\Working\BuildReferenceTopics.proj]
BuildAssembler : warning : ShowMissingComponent: [M:GSB.Personnel.getPrenom] Missing &lt;returns&gt; documentation [D:\Dairon\SIO\SIO2\PPE\C#\GSB\Help\Working\BuildReferenceTopics.proj]
BuildAssembler : warning : ShowMissingComponent: [M:GSB.Personnel.getType] Missing &lt;summary&gt; documentation [D:\Dairon\SIO\SIO2\PPE\C#\GSB\Help\Working\BuildReferenceTopics.proj]
BuildAssembler : warning : ShowMissingComponent: [M:GSB.Personnel.getType] Missing &lt;returns&gt; documentation [D:\Dairon\SIO\SIO2\PPE\C#\GSB\Help\Working\BuildReferenceTopics.proj]
BuildAssembler : warning : ShowMissingComponent: [M:GSB.Personnel.getVille] Missing &lt;summary&gt; documentation [D:\Dairon\SIO\SIO2\PPE\C#\GSB\Help\Working\BuildReferenceTopics.proj]
BuildAssembler : warning : ShowMissingComponent: [M:GSB.Personnel.getVille] Missing &lt;returns&gt; documentation [D:\Dairon\SIO\SIO2\PPE\C#\GSB\Help\Working\BuildReferenceTopics.proj]
  Processed 62 topic(s)
  63 warning(s)
  CopyFromIndexComponent: &quot;reflection&quot; in-memory cache entries used: 2 of 15.
  CopyFromIndexComponent: &quot;comments&quot; in-memory cache entries used: 1 of 30.
G‚n‚ration du projet &quot;D:\Dairon\SIO\SIO2\PPE\C#\GSB\Help\Working\BuildReferenceTopics.proj&quot; termin‚e (cibles par d‚faut).

La g‚n‚ration a r‚ussi.

Temps ‚coul‚ 00:00:06.63
    Last step completed in 00:00:06,9888
</buildStep>
<buildStep step="CombiningIntermediateTocFiles">
Combining conceptual and API intermediate TOC files...
    Last step completed in 00:00:00,0156
</buildStep>
<buildStep step="ExtractingHtmlInfo">
Extracting HTML info for HTML Help 1 and/or website...
[C:\Windows\Microsoft.NET\Framework64\v4.0.30319\MSBuild.exe]
Sandcastle Help File Builder, version 2014.11.22.0
Copyright &#184; 2006-2014, Eric Woodruff, All Rights Reserved
E-Mail: Eric@EWoodruff.us

Using LCID &#39;1033&#39;, code page &#39;65001&#39;, encoding charset &#39;UTF-8&#39;.

Processing Help 1 files in D:\Dairon\SIO\SIO2\PPE\C#\GSB\Help\Working\Output\HtmlHelp1
Processed 62 HTML files
Sorting keywords and generating See Also indices
Saving HTML Help 1 keyword index to D:\Dairon\SIO\SIO2\PPE\C#\GSB\Help\Working\Documentation.hhk
Saving HTML Help 1 table of contents to D:\Dairon\SIO\SIO2\PPE\C#\GSB\Help\Working\Documentation.hhc
    Last step completed in 00:00:01,5132
</buildStep>
<buildStep step="CopyStandardHelpContent">
Copying standard help content...
C:\Program Files (x86)\EWSoftware\Sandcastle Help File Builder\PresentationStyles\VS2013\icons\AlertCaution.png -&gt; D:\Dairon\SIO\SIO2\PPE\C#\GSB\Help\Working\Output\HtmlHelp1\icons\AlertCaution.png
C:\Program Files (x86)\EWSoftware\Sandcastle Help File Builder\PresentationStyles\VS2013\icons\AlertNote.png -&gt; D:\Dairon\SIO\SIO2\PPE\C#\GSB\Help\Working\Output\HtmlHelp1\icons\AlertNote.png
C:\Program Files (x86)\EWSoftware\Sandcastle Help File Builder\PresentationStyles\VS2013\icons\AlertSecurity.png -&gt; D:\Dairon\SIO\SIO2\PPE\C#\GSB\Help\Working\Output\HtmlHelp1\icons\AlertSecurity.png
C:\Program Files (x86)\EWSoftware\Sandcastle Help File Builder\PresentationStyles\VS2013\icons\CFW.gif -&gt; D:\Dairon\SIO\SIO2\PPE\C#\GSB\Help\Working\Output\HtmlHelp1\icons\CFW.gif
C:\Program Files (x86)\EWSoftware\Sandcastle Help File Builder\PresentationStyles\VS2013\icons\CodeExample.png -&gt; D:\Dairon\SIO\SIO2\PPE\C#\GSB\Help\Working\Output\HtmlHelp1\icons\CodeExample.png
C:\Program Files (x86)\EWSoftware\Sandcastle Help File Builder\PresentationStyles\VS2013\icons\favicon.ico -&gt; D:\Dairon\SIO\SIO2\PPE\C#\GSB\Help\Working\Output\HtmlHelp1\icons\favicon.ico
C:\Program Files (x86)\EWSoftware\Sandcastle Help File Builder\PresentationStyles\VS2013\icons\privclass.gif -&gt; D:\Dairon\SIO\SIO2\PPE\C#\GSB\Help\Working\Output\HtmlHelp1\icons\privclass.gif
C:\Program Files (x86)\EWSoftware\Sandcastle Help File Builder\PresentationStyles\VS2013\icons\privdelegate.gif -&gt; D:\Dairon\SIO\SIO2\PPE\C#\GSB\Help\Working\Output\HtmlHelp1\icons\privdelegate.gif
C:\Program Files (x86)\EWSoftware\Sandcastle Help File Builder\PresentationStyles\VS2013\icons\privenumeration.gif -&gt; D:\Dairon\SIO\SIO2\PPE\C#\GSB\Help\Working\Output\HtmlHelp1\icons\privenumeration.gif
C:\Program Files (x86)\EWSoftware\Sandcastle Help File Builder\PresentationStyles\VS2013\icons\privevent.gif -&gt; D:\Dairon\SIO\SIO2\PPE\C#\GSB\Help\Working\Output\HtmlHelp1\icons\privevent.gif
C:\Program Files (x86)\EWSoftware\Sandcastle Help File Builder\PresentationStyles\VS2013\icons\privextension.gif -&gt; D:\Dairon\SIO\SIO2\PPE\C#\GSB\Help\Working\Output\HtmlHelp1\icons\privextension.gif
C:\Program Files (x86)\EWSoftware\Sandcastle Help File Builder\PresentationStyles\VS2013\icons\privfield.gif -&gt; D:\Dairon\SIO\SIO2\PPE\C#\GSB\Help\Working\Output\HtmlHelp1\icons\privfield.gif
C:\Program Files (x86)\EWSoftware\Sandcastle Help File Builder\PresentationStyles\VS2013\icons\privinterface.gif -&gt; D:\Dairon\SIO\SIO2\PPE\C#\GSB\Help\Working\Output\HtmlHelp1\icons\privinterface.gif
C:\Program Files (x86)\EWSoftware\Sandcastle Help File Builder\PresentationStyles\VS2013\icons\privmethod.gif -&gt; D:\Dairon\SIO\SIO2\PPE\C#\GSB\Help\Working\Output\HtmlHelp1\icons\privmethod.gif
C:\Program Files (x86)\EWSoftware\Sandcastle Help File Builder\PresentationStyles\VS2013\icons\privproperty.gif -&gt; D:\Dairon\SIO\SIO2\PPE\C#\GSB\Help\Working\Output\HtmlHelp1\icons\privproperty.gif
C:\Program Files (x86)\EWSoftware\Sandcastle Help File Builder\PresentationStyles\VS2013\icons\privstructure.gif -&gt; D:\Dairon\SIO\SIO2\PPE\C#\GSB\Help\Working\Output\HtmlHelp1\icons\privstructure.gif
C:\Program Files (x86)\EWSoftware\Sandcastle Help File Builder\PresentationStyles\VS2013\icons\protclass.gif -&gt; D:\Dairon\SIO\SIO2\PPE\C#\GSB\Help\Working\Output\HtmlHelp1\icons\protclass.gif
C:\Program Files (x86)\EWSoftware\Sandcastle Help File Builder\PresentationStyles\VS2013\icons\protdelegate.gif -&gt; D:\Dairon\SIO\SIO2\PPE\C#\GSB\Help\Working\Output\HtmlHelp1\icons\protdelegate.gif
C:\Program Files (x86)\EWSoftware\Sandcastle Help File Builder\PresentationStyles\VS2013\icons\protenumeration.gif -&gt; D:\Dairon\SIO\SIO2\PPE\C#\GSB\Help\Working\Output\HtmlHelp1\icons\protenumeration.gif
C:\Program Files (x86)\EWSoftware\Sandcastle Help File Builder\PresentationStyles\VS2013\icons\protevent.gif -&gt; D:\Dairon\SIO\SIO2\PPE\C#\GSB\Help\Working\Output\HtmlHelp1\icons\protevent.gif
C:\Program Files (x86)\EWSoftware\Sandcastle Help File Builder\PresentationStyles\VS2013\icons\protextension.gif -&gt; D:\Dairon\SIO\SIO2\PPE\C#\GSB\Help\Working\Output\HtmlHelp1\icons\protextension.gif
C:\Program Files (x86)\EWSoftware\Sandcastle Help File Builder\PresentationStyles\VS2013\icons\protfield.gif -&gt; D:\Dairon\SIO\SIO2\PPE\C#\GSB\Help\Working\Output\HtmlHelp1\icons\protfield.gif
C:\Program Files (x86)\EWSoftware\Sandcastle Help File Builder\PresentationStyles\VS2013\icons\protinterface.gif -&gt; D:\Dairon\SIO\SIO2\PPE\C#\GSB\Help\Working\Output\HtmlHelp1\icons\protinterface.gif
C:\Program Files (x86)\EWSoftware\Sandcastle Help File Builder\PresentationStyles\VS2013\icons\protmethod.gif -&gt; D:\Dairon\SIO\SIO2\PPE\C#\GSB\Help\Working\Output\HtmlHelp1\icons\protmethod.gif
C:\Program Files (x86)\EWSoftware\Sandcastle Help File Builder\PresentationStyles\VS2013\icons\protoperator.gif -&gt; D:\Dairon\SIO\SIO2\PPE\C#\GSB\Help\Working\Output\HtmlHelp1\icons\protoperator.gif
C:\Program Files (x86)\EWSoftware\Sandcastle Help File Builder\PresentationStyles\VS2013\icons\protproperty.gif -&gt; D:\Dairon\SIO\SIO2\PPE\C#\GSB\Help\Working\Output\HtmlHelp1\icons\protproperty.gif
C:\Program Files (x86)\EWSoftware\Sandcastle Help File Builder\PresentationStyles\VS2013\icons\protstructure.gif -&gt; D:\Dairon\SIO\SIO2\PPE\C#\GSB\Help\Working\Output\HtmlHelp1\icons\protstructure.gif
C:\Program Files (x86)\EWSoftware\Sandcastle Help File Builder\PresentationStyles\VS2013\icons\pubclass.gif -&gt; D:\Dairon\SIO\SIO2\PPE\C#\GSB\Help\Working\Output\HtmlHelp1\icons\pubclass.gif
C:\Program Files (x86)\EWSoftware\Sandcastle Help File Builder\PresentationStyles\VS2013\icons\pubdelegate.gif -&gt; D:\Dairon\SIO\SIO2\PPE\C#\GSB\Help\Working\Output\HtmlHelp1\icons\pubdelegate.gif
C:\Program Files (x86)\EWSoftware\Sandcastle Help File Builder\PresentationStyles\VS2013\icons\pubenumeration.gif -&gt; D:\Dairon\SIO\SIO2\PPE\C#\GSB\Help\Working\Output\HtmlHelp1\icons\pubenumeration.gif
C:\Program Files (x86)\EWSoftware\Sandcastle Help File Builder\PresentationStyles\VS2013\icons\pubevent.gif -&gt; D:\Dairon\SIO\SIO2\PPE\C#\GSB\Help\Working\Output\HtmlHelp1\icons\pubevent.gif
C:\Program Files (x86)\EWSoftware\Sandcastle Help File Builder\PresentationStyles\VS2013\icons\pubextension.gif -&gt; D:\Dairon\SIO\SIO2\PPE\C#\GSB\Help\Working\Output\HtmlHelp1\icons\pubextension.gif
C:\Program Files (x86)\EWSoftware\Sandcastle Help File Builder\PresentationStyles\VS2013\icons\pubfield.gif -&gt; D:\Dairon\SIO\SIO2\PPE\C#\GSB\Help\Working\Output\HtmlHelp1\icons\pubfield.gif
C:\Program Files (x86)\EWSoftware\Sandcastle Help File Builder\PresentationStyles\VS2013\icons\pubinterface.gif -&gt; D:\Dairon\SIO\SIO2\PPE\C#\GSB\Help\Working\Output\HtmlHelp1\icons\pubinterface.gif
C:\Program Files (x86)\EWSoftware\Sandcastle Help File Builder\PresentationStyles\VS2013\icons\pubmethod.gif -&gt; D:\Dairon\SIO\SIO2\PPE\C#\GSB\Help\Working\Output\HtmlHelp1\icons\pubmethod.gif
C:\Program Files (x86)\EWSoftware\Sandcastle Help File Builder\PresentationStyles\VS2013\icons\puboperator.gif -&gt; D:\Dairon\SIO\SIO2\PPE\C#\GSB\Help\Working\Output\HtmlHelp1\icons\puboperator.gif
C:\Program Files (x86)\EWSoftware\Sandcastle Help File Builder\PresentationStyles\VS2013\icons\pubproperty.gif -&gt; D:\Dairon\SIO\SIO2\PPE\C#\GSB\Help\Working\Output\HtmlHelp1\icons\pubproperty.gif
C:\Program Files (x86)\EWSoftware\Sandcastle Help File Builder\PresentationStyles\VS2013\icons\pubstructure.gif -&gt; D:\Dairon\SIO\SIO2\PPE\C#\GSB\Help\Working\Output\HtmlHelp1\icons\pubstructure.gif
C:\Program Files (x86)\EWSoftware\Sandcastle Help File Builder\PresentationStyles\VS2013\icons\SectionCollapsed.png -&gt; D:\Dairon\SIO\SIO2\PPE\C#\GSB\Help\Working\Output\HtmlHelp1\icons\SectionCollapsed.png
C:\Program Files (x86)\EWSoftware\Sandcastle Help File Builder\PresentationStyles\VS2013\icons\SectionExpanded.png -&gt; D:\Dairon\SIO\SIO2\PPE\C#\GSB\Help\Working\Output\HtmlHelp1\icons\SectionExpanded.png
C:\Program Files (x86)\EWSoftware\Sandcastle Help File Builder\PresentationStyles\VS2013\icons\slMobile.gif -&gt; D:\Dairon\SIO\SIO2\PPE\C#\GSB\Help\Working\Output\HtmlHelp1\icons\slMobile.gif
C:\Program Files (x86)\EWSoftware\Sandcastle Help File Builder\PresentationStyles\VS2013\icons\static.gif -&gt; D:\Dairon\SIO\SIO2\PPE\C#\GSB\Help\Working\Output\HtmlHelp1\icons\static.gif
C:\Program Files (x86)\EWSoftware\Sandcastle Help File Builder\PresentationStyles\VS2013\icons\xna.gif -&gt; D:\Dairon\SIO\SIO2\PPE\C#\GSB\Help\Working\Output\HtmlHelp1\icons\xna.gif
C:\Program Files (x86)\EWSoftware\Sandcastle Help File Builder\PresentationStyles\VS2013\scripts\branding.js -&gt; D:\Dairon\SIO\SIO2\PPE\C#\GSB\Help\Working\Output\HtmlHelp1\scripts\branding.js
C:\Program Files (x86)\EWSoftware\Sandcastle Help File Builder\PresentationStyles\VS2013\styles\branding-cs-CZ.css -&gt; D:\Dairon\SIO\SIO2\PPE\C#\GSB\Help\Working\Output\HtmlHelp1\styles\branding-cs-CZ.css
C:\Program Files (x86)\EWSoftware\Sandcastle Help File Builder\PresentationStyles\VS2013\styles\branding-de-DE.css -&gt; D:\Dairon\SIO\SIO2\PPE\C#\GSB\Help\Working\Output\HtmlHelp1\styles\branding-de-DE.css
C:\Program Files (x86)\EWSoftware\Sandcastle Help File Builder\PresentationStyles\VS2013\styles\branding-en-US.css -&gt; D:\Dairon\SIO\SIO2\PPE\C#\GSB\Help\Working\Output\HtmlHelp1\styles\branding-en-US.css
C:\Program Files (x86)\EWSoftware\Sandcastle Help File Builder\PresentationStyles\VS2013\styles\branding-es-ES.css -&gt; D:\Dairon\SIO\SIO2\PPE\C#\GSB\Help\Working\Output\HtmlHelp1\styles\branding-es-ES.css
C:\Program Files (x86)\EWSoftware\Sandcastle Help File Builder\PresentationStyles\VS2013\styles\branding-fr-FR.css -&gt; D:\Dairon\SIO\SIO2\PPE\C#\GSB\Help\Working\Output\HtmlHelp1\styles\branding-fr-FR.css
C:\Program Files (x86)\EWSoftware\Sandcastle Help File Builder\PresentationStyles\VS2013\styles\branding-Help1.css -&gt; D:\Dairon\SIO\SIO2\PPE\C#\GSB\Help\Working\Output\HtmlHelp1\styles\branding-Help1.css
C:\Program Files (x86)\EWSoftware\Sandcastle Help File Builder\PresentationStyles\VS2013\styles\branding-Help2.css -&gt; D:\Dairon\SIO\SIO2\PPE\C#\GSB\Help\Working\Output\HtmlHelp1\styles\branding-Help2.css
C:\Program Files (x86)\EWSoftware\Sandcastle Help File Builder\PresentationStyles\VS2013\styles\branding-HelpViewer.css -&gt; D:\Dairon\SIO\SIO2\PPE\C#\GSB\Help\Working\Output\HtmlHelp1\styles\branding-HelpViewer.css
C:\Program Files (x86)\EWSoftware\Sandcastle Help File Builder\PresentationStyles\VS2013\styles\branding-it-IT.css -&gt; D:\Dairon\SIO\SIO2\PPE\C#\GSB\Help\Working\Output\HtmlHelp1\styles\branding-it-IT.css
C:\Program Files (x86)\EWSoftware\Sandcastle Help File Builder\PresentationStyles\VS2013\styles\branding-ja-JP.css -&gt; D:\Dairon\SIO\SIO2\PPE\C#\GSB\Help\Working\Output\HtmlHelp1\styles\branding-ja-JP.css
C:\Program Files (x86)\EWSoftware\Sandcastle Help File Builder\PresentationStyles\VS2013\styles\branding-ko-KR.css -&gt; D:\Dairon\SIO\SIO2\PPE\C#\GSB\Help\Working\Output\HtmlHelp1\styles\branding-ko-KR.css
C:\Program Files (x86)\EWSoftware\Sandcastle Help File Builder\PresentationStyles\VS2013\styles\branding-pl-PL.css -&gt; D:\Dairon\SIO\SIO2\PPE\C#\GSB\Help\Working\Output\HtmlHelp1\styles\branding-pl-PL.css
C:\Program Files (x86)\EWSoftware\Sandcastle Help File Builder\PresentationStyles\VS2013\styles\branding-pt-BR.css -&gt; D:\Dairon\SIO\SIO2\PPE\C#\GSB\Help\Working\Output\HtmlHelp1\styles\branding-pt-BR.css
C:\Program Files (x86)\EWSoftware\Sandcastle Help File Builder\PresentationStyles\VS2013\styles\branding-ru-RU.css -&gt; D:\Dairon\SIO\SIO2\PPE\C#\GSB\Help\Working\Output\HtmlHelp1\styles\branding-ru-RU.css
C:\Program Files (x86)\EWSoftware\Sandcastle Help File Builder\PresentationStyles\VS2013\styles\branding-tr-TR.css -&gt; D:\Dairon\SIO\SIO2\PPE\C#\GSB\Help\Working\Output\HtmlHelp1\styles\branding-tr-TR.css
C:\Program Files (x86)\EWSoftware\Sandcastle Help File Builder\PresentationStyles\VS2013\styles\branding-Website.css -&gt; D:\Dairon\SIO\SIO2\PPE\C#\GSB\Help\Working\Output\HtmlHelp1\styles\branding-Website.css
C:\Program Files (x86)\EWSoftware\Sandcastle Help File Builder\PresentationStyles\VS2013\styles\branding-zh-CN.css -&gt; D:\Dairon\SIO\SIO2\PPE\C#\GSB\Help\Working\Output\HtmlHelp1\styles\branding-zh-CN.css
C:\Program Files (x86)\EWSoftware\Sandcastle Help File Builder\PresentationStyles\VS2013\styles\branding-zh-TW.css -&gt; D:\Dairon\SIO\SIO2\PPE\C#\GSB\Help\Working\Output\HtmlHelp1\styles\branding-zh-TW.css
C:\Program Files (x86)\EWSoftware\Sandcastle Help File Builder\PresentationStyles\VS2013\styles\branding.css -&gt; D:\Dairon\SIO\SIO2\PPE\C#\GSB\Help\Working\Output\HtmlHelp1\styles\branding.css
    Last step completed in 00:00:00,2340
</buildStep>
<buildStep step="GenerateHelpFormatTableOfContents">
Generating HTML Help 1 table of contents file...
    Last step completed in 00:00:00,0000
</buildStep>
<buildStep step="GenerateHelpFileIndex">
Generating HTML Help 1 index file...
    Last step completed in 00:00:00,0156
</buildStep>
<buildStep step="GenerateHelpProject">
Generating HTML Help 1 project file...
    Last step completed in 00:00:00,0000
</buildStep>
<buildStep step="CompilingHelpFile">
Compiling HTML Help 1 file...
[C:\Windows\Microsoft.NET\Framework64\v4.0.30319\MSBuild.exe]
  Microsoft HTML Help Compiler 4.74.8702
  
  
  
  Compiling d:\Dairon\SIO\SIO2\PPE\C#\GSB\Help\Working\Output\HtmlHelp1\Documentation.chm
  
  
  
  
  
  Compile time: 0 minutes, 3 seconds
  
  64	Topics
  
  607	Local links
  
  6,104	Internet links
  
  0	Graphics
  
  
  
  
  
  Created d:\Dairon\SIO\SIO2\PPE\C#\GSB\Help\Working\Output\HtmlHelp1\Documentation.chm, 195,925 bytes
  
  Compression decreased file by 1,406,021 bytes.
  
    Last step completed in 00:00:05,2748
</buildStep>
<buildStep step="CleanIntermediates">
Removing intermediate files...
    Last step completed in 00:00:00,0156
</buildStep>
<buildStep step="Completed">

Build completed successfully at 15/12/2014 11:53:36.  Total time: 00:00:21,4560

</buildStep>
</shfbBuild>
